<?xml version="1.0" encoding="UTF-8"?>
<testsuite xmlns:xsi="http://www.w3.org/2001/XMLSchema-instance" xsi:noNamespaceSchemaLocation="https://maven.apache.org/surefire/maven-surefire-plugin/xsd/surefire-test-report-3.0.xsd" version="3.0" name="runners.Test_DemoBlaze_e2e_runner" time="63.759" tests="8" errors="0" skipped="0" failures="1">
  <properties>
[...]
</properties>
  <testcase name="runScenario[&quot;place order&quot;, &quot;Demo Blaze e2e&quot;](1)" classname="runners.Test_DemoBlaze_e2e_runner" time="21.793">
    <system-out><![CDATA[
Scenario: place order                                                                                                        # src/test/resources/features/DemoBlaze_e2e.feature:3
  Given User navigate to  login page                                                                                         # stepdefinitions.Demoblaze_e2e.user_navigate_to_login_page()
  When User enters valid username "Jagadish" into username field                                                             # stepdefinitions.Demoblaze_e2e.user_enters_valid_username_into_username_field(java.lang.String)
  And User enters valid password "jagadish@123" into password field                                                          # stepdefinitions.Demoblaze_e2e.user_enters_valid_password_into_password_field(java.lang.String)
  And User clicks on login                                                                                                   # stepdefinitions.Demoblaze_e2e.user_clicks_on_login()
  Then User should successfully login and "Welcome Jagadish" should be displays                                              # stepdefinitions.Demoblaze_e2e.user_should_successfully_login_and_should_be_displays(java.lang.String)
  And User selects a product "Samsung galaxy s6":                                                                            # stepdefinitions.Demoblaze_e2e.user_selects_a_product(java.lang.String)
  Then The product details for "Samsung galaxy s6" should be displayed:                                                      # stepdefinitions.Demoblaze_e2e.the_product_details_for_should_be_displayed(java.lang.String)
  When User adds the product to the cart:                                                                                    # stepdefinitions.Demoblaze_e2e.user_adds_the_product_to_the_cart()
  Then The cart should contain "Samsung galaxy s6":                                                                          # stepdefinitions.Demoblaze_e2e.the_cart_should_contain(java.lang.String)
  When User click on place order button                                                                                      # stepdefinitions.Demoblaze_e2e.user_click_on_place_order_button()
  And Enter Name: "Jagadish" Country: "India" City: "Jagatsinghpur" Credit card: "37jd93740u" Month: "December" Year: "2024" # stepdefinitions.Demoblaze_e2e.enter_name_country_city_credit_card_month_year(java.lang.String,java.lang.String,java.lang.String,java.lang.String,java.lang.String,java.lang.String)
  And Click on purchase                                                                                                      # stepdefinitions.Demoblaze_e2e.click_on_purchase()
  Then Order should place successfully                                                                                       # stepdefinitions.Demoblaze_e2e.order_should_place_successfully()
  When User clicks on the "Logout" button:                                                                                   # stepdefinitions.Demoblaze_e2e.user_clicks_on_the_button(java.lang.String)
  Then User should be logged out successfully:                                                                               # stepdefinitions.Demoblaze_e2e.user_should_be_logged_out_successfully()
No alert present: Session ID is null. Using WebDriver after calling quit()?
Build info: version: '4.27.0', revision: 'd6e718d134'
System info: os.name: 'Windows 11', os.arch: 'amd64', os.version: '10.0', java.version: '23'
Driver info: org.openqa.selenium.chrome.ChromeDriver
Command: [null, getAlertText {}]
Capabilities {acceptInsecureCerts: false, browserName: chrome, browserVersion: 131.0.6778.205, chrome: {chromedriverVersion: 131.0.6778.204 (52183f9e99a..., userDataDir: C:\Users\JAGADI~1\AppData\L...}, fedcm:accounts: true, goog:chromeOptions: {debuggerAddress: localhost:63327}, networkConnectionEnabled: false, pageLoadStrategy: normal, platformName: windows, proxy: Proxy(), se:cdp: ws://localhost:63327/devtoo..., se:cdpVersion: 131.0.6778.205, setWindowRect: true, strictFileInteractability: false, timeouts: {implicit: 0, pageLoad: 300000, script: 30000}, unhandledPromptBehavior: dismiss and notify, webauthn:extension:credBlob: true, webauthn:extension:largeBlob: true, webauthn:extension:minPinLength: true, webauthn:extension:prf: true, webauthn:virtualAuthenticators: true}
]]></system-out>
  </testcase>
  <testcase name="runScenario[&quot;Login with valid credentials&quot;, &quot;Login&quot;](2)" classname="runners.Test_DemoBlaze_e2e_runner" time="8.163">
    <system-out><![CDATA[
Scenario: Login with valid credentials                                         # src/test/resources/features/Login.feature:3
  Given User is on the login page                                              # stepdefinitions.Login.user_is_on_the_login_page()
  When User enter valid username "Jagadish" into username field                # stepdefinitions.Login.user_enter_valid_username_into_username_field(java.lang.String)
  And User enter valid password "jagadish@123" into password field             # stepdefinitions.Login.user_enter_valid_password_into_password_field(java.lang.String)
  And User clicks login                                                        # stepdefinitions.Login.user_clicks_login()
  Then User should successfully login and "Welcome Jagadish" should be display # stepdefinitions.Login.user_should_successfully_login_and_should_be_display(java.lang.String)
No alert present: Session ID is null. Using WebDriver after calling quit()?
Build info: version: '4.27.0', revision: 'd6e718d134'
System info: os.name: 'Windows 11', os.arch: 'amd64', os.version: '10.0', java.version: '23'
Driver info: org.openqa.selenium.chrome.ChromeDriver
Command: [null, getAlertText {}]
Capabilities {acceptInsecureCerts: false, browserName: chrome, browserVersion: 131.0.6778.205, chrome: {chromedriverVersion: 131.0.6778.204 (52183f9e99a..., userDataDir: C:\Users\JAGADI~1\AppData\L...}, fedcm:accounts: true, goog:chromeOptions: {debuggerAddress: localhost:63356}, networkConnectionEnabled: false, pageLoadStrategy: normal, platformName: windows, proxy: Proxy(), se:cdp: ws://localhost:63356/devtoo..., se:cdpVersion: 131.0.6778.205, setWindowRect: true, strictFileInteractability: false, timeouts: {implicit: 0, pageLoad: 300000, script: 30000}, unhandledPromptBehavior: dismiss and notify, webauthn:extension:credBlob: true, webauthn:extension:largeBlob: true, webauthn:extension:minPinLength: true, webauthn:extension:prf: true, webauthn:virtualAuthenticators: true}
]]></system-out>
  </testcase>
  <testcase name="runScenario[&quot;Login with invalid credentials&quot;, &quot;Login&quot;](3)" classname="runners.Test_DemoBlaze_e2e_runner" time="4.94">
    <system-out><![CDATA[
Scenario: Login with invalid credentials                                  # src/test/resources/features/Login.feature:10
  Given User is on the login page                                         # stepdefinitions.Login.user_is_on_the_login_page()
  When User enter valid username "Jagadish" into username field           # stepdefinitions.Login.user_enter_valid_username_into_username_field(java.lang.String)
  And User enter invalid password "admin123" into password field          # stepdefinitions.Login.user_enter_invalid_password_into_password_field(java.lang.String)
  And User clicks login                                                   # stepdefinitions.Login.user_clicks_login()
  Then User should not able to login and get an message "Wrong password." # stepdefinitions.Login.user_should_not_able_to_login_and_get_an_message(java.lang.String)
No alert present: Session ID is null. Using WebDriver after calling quit()?
Build info: version: '4.27.0', revision: 'd6e718d134'
System info: os.name: 'Windows 11', os.arch: 'amd64', os.version: '10.0', java.version: '23'
Driver info: org.openqa.selenium.chrome.ChromeDriver
Command: [null, getAlertText {}]
Capabilities {acceptInsecureCerts: false, browserName: chrome, browserVersion: 131.0.6778.205, chrome: {chromedriverVersion: 131.0.6778.204 (52183f9e99a..., userDataDir: C:\Users\JAGADI~1\AppData\L...}, fedcm:accounts: true, goog:chromeOptions: {debuggerAddress: localhost:63391}, networkConnectionEnabled: false, pageLoadStrategy: normal, platformName: windows, proxy: Proxy(), se:cdp: ws://localhost:63391/devtoo..., se:cdpVersion: 131.0.6778.205, setWindowRect: true, strictFileInteractability: false, timeouts: {implicit: 0, pageLoad: 300000, script: 30000}, unhandledPromptBehavior: dismiss and notify, webauthn:extension:credBlob: true, webauthn:extension:largeBlob: true, webauthn:extension:minPinLength: true, webauthn:extension:prf: true, webauthn:virtualAuthenticators: true}
]]></system-out>
  </testcase>
  <testcase name="runScenario[&quot;Login with invalid credentials&quot;, &quot;Login&quot;](4)" classname="runners.Test_DemoBlaze_e2e_runner" time="5.026">
    <system-out><![CDATA[
Scenario: Login with invalid credentials                                       # src/test/resources/features/Login.feature:17
  Given User is on the login page                                              # stepdefinitions.Login.user_is_on_the_login_page()
  When User enter invalid username "Jagadishs" into username field             # stepdefinitions.Login.user_enter_invalid_username_into_username_field(java.lang.String)
  And User enter valid password "jagadish@123" into password field             # stepdefinitions.Login.user_enter_valid_password_into_password_field(java.lang.String)
  And User clicks login                                                        # stepdefinitions.Login.user_clicks_login()
  Then User should not able to login and get an message "User does not exist." # stepdefinitions.Login.user_should_not_able_to_login_and_get_an_message(java.lang.String)
No alert present: Session ID is null. Using WebDriver after calling quit()?
Build info: version: '4.27.0', revision: 'd6e718d134'
System info: os.name: 'Windows 11', os.arch: 'amd64', os.version: '10.0', java.version: '23'
Driver info: org.openqa.selenium.chrome.ChromeDriver
Command: [null, getAlertText {}]
Capabilities {acceptInsecureCerts: false, browserName: chrome, browserVersion: 131.0.6778.205, chrome: {chromedriverVersion: 131.0.6778.204 (52183f9e99a..., userDataDir: C:\Users\JAGADI~1\AppData\L...}, fedcm:accounts: true, goog:chromeOptions: {debuggerAddress: localhost:63415}, networkConnectionEnabled: false, pageLoadStrategy: normal, platformName: windows, proxy: Proxy(), se:cdp: ws://localhost:63415/devtoo..., se:cdpVersion: 131.0.6778.205, setWindowRect: true, strictFileInteractability: false, timeouts: {implicit: 0, pageLoad: 300000, script: 30000}, unhandledPromptBehavior: dismiss and notify, webauthn:extension:credBlob: true, webauthn:extension:largeBlob: true, webauthn:extension:minPinLength: true, webauthn:extension:prf: true, webauthn:virtualAuthenticators: true}
]]></system-out>
  </testcase>
  <testcase name="runScenario[&quot;Login with invalid credentials&quot;, &quot;Login&quot;](5)" classname="runners.Test_DemoBlaze_e2e_runner" time="3.476">
    <system-out><![CDATA[
Scenario: Login with invalid credentials                                              # src/test/resources/features/Login.feature:24
  Given User is on the login page                                                     # stepdefinitions.Login.user_is_on_the_login_page()
  When User leave username field as blank                                             # stepdefinitions.Login.user_leave_username_field_as_blank()
  And User leave password field as blank                                              # stepdefinitions.Login.user_leave_password_field_as_blank()
  And User clicks login                                                               # stepdefinitions.Login.user_clicks_login()
  Then User should get "Please fill out Username and Password." and not able to login # stepdefinitions.Login.user_should_get_and_not_able_to_login(java.lang.String)
No alert present: Session ID is null. Using WebDriver after calling quit()?
Build info: version: '4.27.0', revision: 'd6e718d134'
System info: os.name: 'Windows 11', os.arch: 'amd64', os.version: '10.0', java.version: '23'
Driver info: org.openqa.selenium.chrome.ChromeDriver
Command: [null, getAlertText {}]
Capabilities {acceptInsecureCerts: false, browserName: chrome, browserVersion: 131.0.6778.205, chrome: {chromedriverVersion: 131.0.6778.204 (52183f9e99a..., userDataDir: C:\Users\JAGADI~1\AppData\L...}, fedcm:accounts: true, goog:chromeOptions: {debuggerAddress: localhost:63436}, networkConnectionEnabled: false, pageLoadStrategy: normal, platformName: windows, proxy: Proxy(), se:cdp: ws://localhost:63436/devtoo..., se:cdpVersion: 131.0.6778.205, setWindowRect: true, strictFileInteractability: false, timeouts: {implicit: 0, pageLoad: 300000, script: 30000}, unhandledPromptBehavior: dismiss and notify, webauthn:extension:credBlob: true, webauthn:extension:largeBlob: true, webauthn:extension:minPinLength: true, webauthn:extension:prf: true, webauthn:virtualAuthenticators: true}
]]></system-out>
  </testcase>
  <testcase name="runScenario[&quot;Sign up with valid credentials&quot;, &quot;Sign up&quot;](6)" classname="runners.Test_DemoBlaze_e2e_runner" time="5.298">
    <failure message="expected [true] but found [false]" type="java.lang.AssertionError"><![CDATA[java.lang.AssertionError: expected [true] but found [false]
	at org.testng.Assert.fail(Assert.java:111)
	at org.testng.Assert.failNotEquals(Assert.java:1578)
	at org.testng.Assert.assertTrue(Assert.java:57)
	at org.testng.Assert.assertTrue(Assert.java:67)
	at stepdefinitions.Signup.user_should_successfully_signup_and_should_be_display(Signup.java:52)
	at ✽.User should successfully signup and "Sign up successful." should be display(file:///C:/Users/Jagadish%20Moharana/OneDrive/Desktop/masai%20courses/cucumber/DemoBlaze_Cucumber_project/src/test/resources/features/Signup.feature:8)
]]></failure>
    <system-out><![CDATA[
Scenario: Sign up with valid credentials                                           # src/test/resources/features/Signup.feature:3
  Given User is on the Sign up page                                                # stepdefinitions.Signup.user_is_on_the_sign_up_page()
  When User enter valid username "Jagadis" into Username field                     # stepdefinitions.Signup.user_enter_valid_username_into_username_field(java.lang.String)
  And User enter valid password "jagadish@123" into Password field                 # stepdefinitions.Signup.user_enter_valid_password_into_password_field(java.lang.String)
  And User clicks signup                                                           # stepdefinitions.Signup.user_clicks_signup()
  Then User should successfully signup and "Sign up successful." should be display # stepdefinitions.Signup.user_should_successfully_signup_and_should_be_display(java.lang.String)
      java.lang.AssertionError: expected [true] but found [false]
	at org.testng.Assert.fail(Assert.java:111)
	at org.testng.Assert.failNotEquals(Assert.java:1578)
	at org.testng.Assert.assertTrue(Assert.java:57)
	at org.testng.Assert.assertTrue(Assert.java:67)
	at stepdefinitions.Signup.user_should_successfully_signup_and_should_be_display(Signup.java:52)
	at ✽.User should successfully signup and "Sign up successful." should be display(file:///C:/Users/Jagadish%20Moharana/OneDrive/Desktop/masai%20courses/cucumber/DemoBlaze_Cucumber_project/src/test/resources/features/Signup.feature:8)


    Embedding Sign_up_with_valid_credentials [image/png 253659 bytes]

]]></system-out>
  </testcase>
  <testcase name="runScenario[&quot;Sign up with invalid credentials&quot;, &quot;Sign up&quot;](7)" classname="runners.Test_DemoBlaze_e2e_runner" time="5.051">
    <system-out><![CDATA[
Scenario: Sign up with invalid credentials                                          # src/test/resources/features/Signup.feature:10
  Given User is on the Sign up page                                                 # stepdefinitions.Signup.user_is_on_the_sign_up_page()
  When User enter valid username "Jagadish" into Username field                     # stepdefinitions.Signup.user_enter_valid_username_into_username_field(java.lang.String)
  And User enter invalid password "jagadish@123" into Password field                # stepdefinitions.Signup.user_enter_invalid_password_into_password_field(java.lang.String)
  And User clicks signup                                                            # stepdefinitions.Signup.user_clicks_signup()
  Then User should not able to signup and get an message "This user already exist." # stepdefinitions.Signup.user_should_not_able_to_signup_and_get_an_message(java.lang.String)
No alert present: Session ID is null. Using WebDriver after calling quit()?
Build info: version: '4.27.0', revision: 'd6e718d134'
System info: os.name: 'Windows 11', os.arch: 'amd64', os.version: '10.0', java.version: '23'
Driver info: org.openqa.selenium.chrome.ChromeDriver
Command: [null, getAlertText {}]
Capabilities {acceptInsecureCerts: false, browserName: chrome, browserVersion: 131.0.6778.205, chrome: {chromedriverVersion: 131.0.6778.204 (52183f9e99a..., userDataDir: C:\Users\JAGADI~1\AppData\L...}, fedcm:accounts: true, goog:chromeOptions: {debuggerAddress: localhost:63473}, networkConnectionEnabled: false, pageLoadStrategy: normal, platformName: windows, proxy: Proxy(), se:cdp: ws://localhost:63473/devtoo..., se:cdpVersion: 131.0.6778.205, setWindowRect: true, strictFileInteractability: false, timeouts: {implicit: 0, pageLoad: 300000, script: 30000}, unhandledPromptBehavior: dismiss and notify, webauthn:extension:credBlob: true, webauthn:extension:largeBlob: true, webauthn:extension:minPinLength: true, webauthn:extension:prf: true, webauthn:virtualAuthenticators: true}
]]></system-out>
  </testcase>
  <testcase name="runScenario[&quot;Sign up with invalid credentials&quot;, &quot;Sign up&quot;](8)" classname="runners.Test_DemoBlaze_e2e_runner" time="4.259">
    <system-out><![CDATA[
Scenario: Sign up with invalid credentials                                             # src/test/resources/features/Signup.feature:17
  Given User is on the Sign up page                                                    # stepdefinitions.Signup.user_is_on_the_sign_up_page()
  When User leave Username field as blank                                              # stepdefinitions.Signup.user_leave_username_field_as_blank()
  And User leave Password field as blank                                               # stepdefinitions.Signup.user_leave_password_field_as_blank()
  And User clicks signup                                                               # stepdefinitions.Signup.user_clicks_signup()
  Then User should get "Please fill out Username and Password." and not able to signup # stepdefinitions.Signup.user_should_get_and_not_able_to_signup(java.lang.String)
No alert present: Session ID is null. Using WebDriver after calling quit()?
Build info: version: '4.27.0', revision: 'd6e718d134'
System info: os.name: 'Windows 11', os.arch: 'amd64', os.version: '10.0', java.version: '23'
Driver info: org.openqa.selenium.chrome.ChromeDriver
Command: [null, getAlertText {}]
Capabilities {acceptInsecureCerts: false, browserName: chrome, browserVersion: 131.0.6778.205, chrome: {chromedriverVersion: 131.0.6778.204 (52183f9e99a..., userDataDir: C:\Users\JAGADI~1\AppData\L...}, fedcm:accounts: true, goog:chromeOptions: {debuggerAddress: localhost:63497}, networkConnectionEnabled: false, pageLoadStrategy: normal, platformName: windows, proxy: Proxy(), se:cdp: ws://localhost:63497/devtoo..., se:cdpVersion: 131.0.6778.205, setWindowRect: true, strictFileInteractability: false, timeouts: {implicit: 0, pageLoad: 300000, script: 30000}, unhandledPromptBehavior: dismiss and notify, webauthn:extension:credBlob: true, webauthn:extension:largeBlob: true, webauthn:extension:minPinLength: true, webauthn:extension:prf: true, webauthn:virtualAuthenticators: true}
]]></system-out>
  </testcase>
</testsuite>